[1.695s] Invoking command in '/home/triha/prompt_to_drawing/build/py_joint_pub': PYTHONPATH=/home/triha/prompt_to_drawing/build/py_joint_pub/prefix_override:/usr/lib/python3/dist-packages/colcon_core/task/python/colcon_distutils_commands:/home/triha/prompt_to_drawing/install/py_joint_pub/lib/python3.10/site-packages:${PYTHONPATH} /usr/bin/python3 -W ignore:setup.py install is deprecated -W ignore:easy_install command is deprecated setup.py develop --editable --build-directory /home/triha/prompt_to_drawing/build/py_joint_pub/build --no-deps symlink_data
[1.997s] running develop
[2.223s] running egg_info
[2.224s] creating py_joint_pub.egg-info
[2.224s] writing py_joint_pub.egg-info/PKG-INFO
[2.224s] writing dependency_links to py_joint_pub.egg-info/dependency_links.txt
[2.224s] writing entry points to py_joint_pub.egg-info/entry_points.txt
[2.224s] writing requirements to py_joint_pub.egg-info/requires.txt
[2.224s] writing top-level names to py_joint_pub.egg-info/top_level.txt
[2.224s] writing manifest file 'py_joint_pub.egg-info/SOURCES.txt'
[2.226s] reading manifest file 'py_joint_pub.egg-info/SOURCES.txt'
[2.226s] writing manifest file 'py_joint_pub.egg-info/SOURCES.txt'
[2.228s] running build_ext
[2.228s] Creating /home/triha/prompt_to_drawing/install/py_joint_pub/lib/python3.10/site-packages/py-joint-pub.egg-link (link to .)
[2.229s] Installing csv script to /home/triha/prompt_to_drawing/install/py_joint_pub/lib/py_joint_pub
[2.229s] 
[2.229s] Installed /home/triha/prompt_to_drawing/build/py_joint_pub
[2.230s] running symlink_data
[2.230s] creating /home/triha/prompt_to_drawing/install/py_joint_pub/share/ament_index
[2.230s] creating /home/triha/prompt_to_drawing/install/py_joint_pub/share/ament_index/resource_index
[2.230s] creating /home/triha/prompt_to_drawing/install/py_joint_pub/share/ament_index/resource_index/packages
[2.230s] symbolically linking /home/triha/prompt_to_drawing/build/py_joint_pub/resource/py_joint_pub -> /home/triha/prompt_to_drawing/install/py_joint_pub/share/ament_index/resource_index/packages
[2.230s] symbolically linking /home/triha/prompt_to_drawing/build/py_joint_pub/package.xml -> /home/triha/prompt_to_drawing/install/py_joint_pub/share/py_joint_pub
[2.230s] symbolically linking /home/triha/prompt_to_drawing/build/py_joint_pub/resource/ha149.csv -> /home/triha/prompt_to_drawing/install/py_joint_pub/share/py_joint_pub
[2.231s] symbolically linking /home/triha/prompt_to_drawing/build/py_joint_pub/resource/ldihel_bonus.csv -> /home/triha/prompt_to_drawing/install/py_joint_pub/share/py_joint_pub
[2.231s] symbolically linking /home/triha/prompt_to_drawing/build/py_joint_pub/resource/ldihel.csv -> /home/triha/prompt_to_drawing/install/py_joint_pub/share/py_joint_pub
[2.271s] Invoked command in '/home/triha/prompt_to_drawing/build/py_joint_pub' returned '0': PYTHONPATH=/home/triha/prompt_to_drawing/build/py_joint_pub/prefix_override:/usr/lib/python3/dist-packages/colcon_core/task/python/colcon_distutils_commands:/home/triha/prompt_to_drawing/install/py_joint_pub/lib/python3.10/site-packages:${PYTHONPATH} /usr/bin/python3 -W ignore:setup.py install is deprecated -W ignore:easy_install command is deprecated setup.py develop --editable --build-directory /home/triha/prompt_to_drawing/build/py_joint_pub/build --no-deps symlink_data
