[0.054s] Invoking command in '/home/triha/prompt_to_drawing/build/csv_controller': CMAKE_PREFIX_PATH=${CMAKE_PREFIX_PATH}:/home/triha/prompt_to_drawing/install/wall_description:/home/triha/prompt_to_drawing/install/table_description:/home/triha/prompt_to_drawing/install/py_joint_pub:/home/triha/prompt_to_drawing/install/msee22_description:/home/triha/ws_moveit2/install/moveit_configs_utils:/home/triha/ws_moveit2/install/launch_param_builder:/opt/ros/humble /usr/bin/cmake /home/triha/prompt_to_drawing/csv_controller -DAMENT_CMAKE_SYMLINK_INSTALL=1 -DCMAKE_INSTALL_PREFIX=/home/triha/prompt_to_drawing/install/csv_controller
[0.958s] -- The CXX compiler identification is GNU 11.4.0
[0.958s] -- Detecting CXX compiler ABI info
[0.958s] -- Detecting CXX compiler ABI info - done
[0.958s] -- Check for working CXX compiler: /usr/bin/c++ - skipped
[0.959s] -- Detecting CXX compile features
[0.959s] -- Detecting CXX compile features - done
[0.959s] -- Found ament_cmake: 1.3.12 (/opt/ros/humble/share/ament_cmake/cmake)
[0.959s] -- Found Python3: /usr/bin/python3 (found version "3.10.12") found components: Interpreter 
[0.959s] -- Override CMake install command with custom implementation using symlinks instead of copying resources
[0.959s] -- Found controller_interface: 2.53.0 (/opt/ros/humble/share/controller_interface/cmake)
[0.959s] -- Found rosidl_generator_c: 3.1.8 (/opt/ros/humble/share/rosidl_generator_c/cmake)
[0.959s] -- Found rosidl_adapter: 3.1.8 (/opt/ros/humble/share/rosidl_adapter/cmake)
[0.959s] -- Found rosidl_generator_cpp: 3.1.8 (/opt/ros/humble/share/rosidl_generator_cpp/cmake)
[0.959s] -- Using all available rosidl_typesupport_c: rosidl_typesupport_fastrtps_c;rosidl_typesupport_introspection_c
[0.959s] -- Using all available rosidl_typesupport_cpp: rosidl_typesupport_fastrtps_cpp;rosidl_typesupport_introspection_cpp
[0.959s] -- Found rmw_implementation_cmake: 6.1.2 (/opt/ros/humble/share/rmw_implementation_cmake/cmake)
[0.964s] -- Found rmw_fastrtps_cpp: 6.2.9 (/opt/ros/humble/share/rmw_fastrtps_cpp/cmake)
[1.007s] -- Found TinyXML2 via Config file: TinyXML2_DIR-NOTFOUND
[1.070s] -- Found OpenSSL: /usr/lib/x86_64-linux-gnu/libcrypto.so (found version "3.0.2")  
[1.073s] -- Found TinyXML2 via Config file: TinyXML2_DIR-NOTFOUND
[1.089s] -- Found FastRTPS: /opt/ros/humble/include  
[1.092s] -- Found TinyXML2 via Config file: TinyXML2_DIR-NOTFOUND
[1.100s] -- Found TinyXML2 via Config file: TinyXML2_DIR-NOTFOUND
[1.113s] -- Using RMW implementation 'rmw_fastrtps_cpp' as default
[1.133s] -- Looking for C++ include pthread.h
[1.247s] -- Looking for C++ include pthread.h - found
[1.247s] -- Performing Test CMAKE_HAVE_LIBC_PTHREAD
[1.380s] -- Performing Test CMAKE_HAVE_LIBC_PTHREAD - Success
[1.381s] -- Found Threads: TRUE  
[1.493s] -- Found realtime_tools: 2.15.0 (/opt/ros/humble/share/realtime_tools/cmake)
[1.552s] -- Found ur_msgs: 2.3.0 (/opt/ros/humble/share/ur_msgs/cmake)
[1.598s] -- Found generate_parameter_library: 0.6.0 (/opt/ros/humble/share/generate_parameter_library/cmake)
[1.604s] -- Found parameter_traits: 0.6.0 (/opt/ros/humble/share/parameter_traits/cmake)
[1.749s] -- Configuring done
[1.762s] -- Generating done
[1.767s] -- Build files have been written to: /home/triha/prompt_to_drawing/build/csv_controller
[1.775s] Invoked command in '/home/triha/prompt_to_drawing/build/csv_controller' returned '0': CMAKE_PREFIX_PATH=${CMAKE_PREFIX_PATH}:/home/triha/prompt_to_drawing/install/wall_description:/home/triha/prompt_to_drawing/install/table_description:/home/triha/prompt_to_drawing/install/py_joint_pub:/home/triha/prompt_to_drawing/install/msee22_description:/home/triha/ws_moveit2/install/moveit_configs_utils:/home/triha/ws_moveit2/install/launch_param_builder:/opt/ros/humble /usr/bin/cmake /home/triha/prompt_to_drawing/csv_controller -DAMENT_CMAKE_SYMLINK_INSTALL=1 -DCMAKE_INSTALL_PREFIX=/home/triha/prompt_to_drawing/install/csv_controller
[1.777s] Invoking command in '/home/triha/prompt_to_drawing/build/csv_controller': CMAKE_PREFIX_PATH=${CMAKE_PREFIX_PATH}:/home/triha/prompt_to_drawing/install/wall_description:/home/triha/prompt_to_drawing/install/table_description:/home/triha/prompt_to_drawing/install/py_joint_pub:/home/triha/prompt_to_drawing/install/msee22_description:/home/triha/ws_moveit2/install/moveit_configs_utils:/home/triha/ws_moveit2/install/launch_param_builder:/opt/ros/humble /usr/bin/cmake --build /home/triha/prompt_to_drawing/build/csv_controller -- -j12 -l12
[1.835s] [ 25%] [34m[1mRunning `/opt/ros/humble/bin/generate_parameter_library_cpp /home/triha/prompt_to_drawing/build/csv_controller/include/csv_controller/csv_controller_parameters.hpp /home/triha/prompt_to_drawing/csv_controller/src/csv_controller_parameters.yaml `[0m
[1.987s] [ 50%] [34m[1mCreating deprecated header file /home/triha/prompt_to_drawing/build/csv_controller/include/csv_controller_parameters.hpp[0m
[2.009s] [ 50%] Built target csv_controller_parameters
[2.034s] [ 75%] [32mBuilding CXX object CMakeFiles/csv_controller.dir/src/csv_controller.cpp.o[0m
[7.862s] [100%] [32m[1mLinking CXX shared library libcsv_controller.so[0m
[8.110s] [100%] Built target csv_controller
[8.122s] Invoked command in '/home/triha/prompt_to_drawing/build/csv_controller' returned '0': CMAKE_PREFIX_PATH=${CMAKE_PREFIX_PATH}:/home/triha/prompt_to_drawing/install/wall_description:/home/triha/prompt_to_drawing/install/table_description:/home/triha/prompt_to_drawing/install/py_joint_pub:/home/triha/prompt_to_drawing/install/msee22_description:/home/triha/ws_moveit2/install/moveit_configs_utils:/home/triha/ws_moveit2/install/launch_param_builder:/opt/ros/humble /usr/bin/cmake --build /home/triha/prompt_to_drawing/build/csv_controller -- -j12 -l12
[8.123s] Invoking command in '/home/triha/prompt_to_drawing/build/csv_controller': CMAKE_PREFIX_PATH=${CMAKE_PREFIX_PATH}:/home/triha/prompt_to_drawing/install/wall_description:/home/triha/prompt_to_drawing/install/table_description:/home/triha/prompt_to_drawing/install/py_joint_pub:/home/triha/prompt_to_drawing/install/msee22_description:/home/triha/ws_moveit2/install/moveit_configs_utils:/home/triha/ws_moveit2/install/launch_param_builder:/opt/ros/humble /usr/bin/cmake --install /home/triha/prompt_to_drawing/build/csv_controller
[8.131s] -- Install configuration: ""
[8.132s] -- Execute custom install script
[8.132s] -- Symlinking: /home/triha/prompt_to_drawing/install/csv_controller/include/csv_controller/csv_controller_parameters.hpp
[8.142s] -- Symlinking: /home/triha/prompt_to_drawing/install/csv_controller/share/csv_controller//plugin_description.xml
[8.152s] -- Symlinking: /home/triha/prompt_to_drawing/install/csv_controller/share/csv_controller//include/csv_controller/csv_controller.hpp
[8.162s] -- Symlinking: /home/triha/prompt_to_drawing/install/csv_controller/share/csv_controller//config/ur_controllers.yaml
[8.171s] -- Symlinking: /home/triha/prompt_to_drawing/install/csv_controller/share/csv_controller//launch/ur3e_csv.launch.py
[8.180s] -- Symlinking: /home/triha/prompt_to_drawing/install/csv_controller/share/csv_controller//csv_files/ldihel.csv
[8.190s] -- Symlinking: /home/triha/prompt_to_drawing/install/csv_controller/share/csv_controller//csv_files/ldihel_bonus.csv
[8.199s] -- Symlinking: /home/triha/prompt_to_drawing/install/csv_controller/share/csv_controller/environment/library_path.sh
[8.209s] -- Symlinking: /home/triha/prompt_to_drawing/install/csv_controller/share/csv_controller/environment/library_path.dsv
[8.218s] -- Symlinking: /home/triha/prompt_to_drawing/install/csv_controller/share/ament_index/resource_index/package_run_dependencies/csv_controller
[8.228s] -- Symlinking: /home/triha/prompt_to_drawing/install/csv_controller/share/ament_index/resource_index/parent_prefix_path/csv_controller
[8.238s] -- Symlinking: /home/triha/prompt_to_drawing/install/csv_controller/share/csv_controller/environment/ament_prefix_path.sh
[8.248s] -- Symlinking: /home/triha/prompt_to_drawing/install/csv_controller/share/csv_controller/environment/ament_prefix_path.dsv
[8.257s] -- Symlinking: /home/triha/prompt_to_drawing/install/csv_controller/share/csv_controller/environment/path.sh
[8.267s] -- Symlinking: /home/triha/prompt_to_drawing/install/csv_controller/share/csv_controller/environment/path.dsv
[8.278s] -- Symlinking: /home/triha/prompt_to_drawing/install/csv_controller/share/csv_controller/local_setup.bash
[8.288s] -- Symlinking: /home/triha/prompt_to_drawing/install/csv_controller/share/csv_controller/local_setup.sh
[8.297s] -- Symlinking: /home/triha/prompt_to_drawing/install/csv_controller/share/csv_controller/local_setup.zsh
[8.307s] -- Symlinking: /home/triha/prompt_to_drawing/install/csv_controller/share/csv_controller/local_setup.dsv
[8.316s] -- Symlinking: /home/triha/prompt_to_drawing/install/csv_controller/share/csv_controller/package.dsv
[8.326s] -- Symlinking: /home/triha/prompt_to_drawing/install/csv_controller/share/ament_index/resource_index/packages/csv_controller
[8.335s] -- Symlinking: /home/triha/prompt_to_drawing/install/csv_controller/share/ament_index/resource_index/controller_interface__pluginlib__plugin/csv_controller
[8.346s] -- Symlinking: /home/triha/prompt_to_drawing/install/csv_controller/share/csv_controller/cmake/ament_cmake_export_dependencies-extras.cmake
[8.356s] -- Symlinking: /home/triha/prompt_to_drawing/install/csv_controller/share/csv_controller/cmake/ament_cmake_export_targets-extras.cmake
[8.366s] -- Symlinking: /home/triha/prompt_to_drawing/install/csv_controller/share/csv_controller/cmake/csv_controllerConfig.cmake
[8.376s] -- Symlinking: /home/triha/prompt_to_drawing/install/csv_controller/share/csv_controller/cmake/csv_controllerConfig-version.cmake
[8.386s] -- Symlinking: /home/triha/prompt_to_drawing/install/csv_controller/share/csv_controller/package.xml
[8.396s] -- Installing: /home/triha/prompt_to_drawing/install/csv_controller/lib/libcsv_controller.so
[8.398s] -- Set runtime path of "/home/triha/prompt_to_drawing/install/csv_controller/lib/libcsv_controller.so" to ""
[8.398s] -- Installing: /home/triha/prompt_to_drawing/install/csv_controller/share/csv_controller/cmake/export_csv_controllerExport.cmake
[8.398s] -- Installing: /home/triha/prompt_to_drawing/install/csv_controller/share/csv_controller/cmake/export_csv_controllerExport-noconfig.cmake
[8.400s] Invoked command in '/home/triha/prompt_to_drawing/build/csv_controller' returned '0': CMAKE_PREFIX_PATH=${CMAKE_PREFIX_PATH}:/home/triha/prompt_to_drawing/install/wall_description:/home/triha/prompt_to_drawing/install/table_description:/home/triha/prompt_to_drawing/install/py_joint_pub:/home/triha/prompt_to_drawing/install/msee22_description:/home/triha/ws_moveit2/install/moveit_configs_utils:/home/triha/ws_moveit2/install/launch_param_builder:/opt/ros/humble /usr/bin/cmake --install /home/triha/prompt_to_drawing/build/csv_controller
