running develop
Removing /home/triha/prompt_to_drawing/install/msee22_description/lib/python3.10/site-packages/msee22-description.egg-link (link to .)
running egg_info
writing ../build/msee22_description/msee22_description.egg-info/PKG-INFO
writing dependency_links to ../build/msee22_description/msee22_description.egg-info/dependency_links.txt
writing entry points to ../build/msee22_description/msee22_description.egg-info/entry_points.txt
writing requirements to ../build/msee22_description/msee22_description.egg-info/requires.txt
writing top-level names to ../build/msee22_description/msee22_description.egg-info/top_level.txt
reading manifest file '../build/msee22_description/msee22_description.egg-info/SOURCES.txt'
writing manifest file '../build/msee22_description/msee22_description.egg-info/SOURCES.txt'
running build
running build_py
creating /home/triha/prompt_to_drawing/build/msee22_description/build
creating /home/triha/prompt_to_drawing/build/msee22_description/build/lib
creating /home/triha/prompt_to_drawing/build/msee22_description/build/lib/msee22_description
copying msee22_description/__init__.py -> /home/triha/prompt_to_drawing/build/msee22_description/build/lib/msee22_description
running install
running install_lib
creating /home/triha/prompt_to_drawing/install/msee22_description/lib/python3.10/site-packages/msee22_description
copying /home/triha/prompt_to_drawing/build/msee22_description/build/lib/msee22_description/__init__.py -> /home/triha/prompt_to_drawing/install/msee22_description/lib/python3.10/site-packages/msee22_description
byte-compiling /home/triha/prompt_to_drawing/install/msee22_description/lib/python3.10/site-packages/msee22_description/__init__.py to __init__.cpython-310.pyc
running install_data
copying resource/msee22_description -> /home/triha/prompt_to_drawing/install/msee22_description/share/ament_index/resource_index/packages
copying package.xml -> /home/triha/prompt_to_drawing/install/msee22_description/share/msee22_description
copying launch/view_room.launch.py -> /home/triha/prompt_to_drawing/install/msee22_description/share/msee22_description/launch
copying launch/move_robot.launch.py -> /home/triha/prompt_to_drawing/install/msee22_description/share/msee22_description/launch
copying rviz/msee22.rviz -> /home/triha/prompt_to_drawing/install/msee22_description/share/msee22_description/rviz
copying urdf/inertials.xacro -> /home/triha/prompt_to_drawing/install/msee22_description/share/msee22_description/urdf
copying urdf/materials.xacro -> /home/triha/prompt_to_drawing/install/msee22_description/share/msee22_description/urdf
copying urdf/msee22.urdf.xacro -> /home/triha/prompt_to_drawing/install/msee22_description/share/msee22_description/urdf
running install_egg_info
Copying ../build/msee22_description/msee22_description.egg-info to /home/triha/prompt_to_drawing/install/msee22_description/lib/python3.10/site-packages/msee22_description-0.0.0-py3.10.egg-info
running install_scripts
writing list of installed files to '/home/triha/prompt_to_drawing/build/msee22_description/install.log'
