[1.669s] Invoking command in '/home/triha/prompt_to_drawing/build/wall_description': PYTHONPATH=/home/triha/prompt_to_drawing/build/wall_description/prefix_override:/usr/lib/python3/dist-packages/colcon_core/task/python/colcon_distutils_commands:/home/triha/prompt_to_drawing/install/wall_description/lib/python3.10/site-packages:${PYTHONPATH} /usr/bin/python3 -W ignore:setup.py install is deprecated -W ignore:easy_install command is deprecated setup.py develop --editable --build-directory /home/triha/prompt_to_drawing/build/wall_description/build --no-deps symlink_data
[1.974s] running develop
[2.206s] running egg_info
[2.206s] creating wall_description.egg-info
[2.206s] writing wall_description.egg-info/PKG-INFO
[2.207s] writing dependency_links to wall_description.egg-info/dependency_links.txt
[2.207s] writing entry points to wall_description.egg-info/entry_points.txt
[2.207s] writing requirements to wall_description.egg-info/requires.txt
[2.207s] writing top-level names to wall_description.egg-info/top_level.txt
[2.207s] writing manifest file 'wall_description.egg-info/SOURCES.txt'
[2.210s] reading manifest file 'wall_description.egg-info/SOURCES.txt'
[2.210s] writing manifest file 'wall_description.egg-info/SOURCES.txt'
[2.211s] running build_ext
[2.211s] Creating /home/triha/prompt_to_drawing/install/wall_description/lib/python3.10/site-packages/wall-description.egg-link (link to .)
[2.212s] 
[2.212s] Installed /home/triha/prompt_to_drawing/build/wall_description
[2.212s] running symlink_data
[2.213s] creating /home/triha/prompt_to_drawing/install/wall_description/share/ament_index
[2.213s] creating /home/triha/prompt_to_drawing/install/wall_description/share/ament_index/resource_index
[2.213s] creating /home/triha/prompt_to_drawing/install/wall_description/share/ament_index/resource_index/packages
[2.213s] symbolically linking /home/triha/prompt_to_drawing/build/wall_description/resource/wall_description -> /home/triha/prompt_to_drawing/install/wall_description/share/ament_index/resource_index/packages
[2.213s] symbolically linking /home/triha/prompt_to_drawing/build/wall_description/package.xml -> /home/triha/prompt_to_drawing/install/wall_description/share/wall_description
[2.213s] creating /home/triha/prompt_to_drawing/install/wall_description/share/wall_description/launch
[2.213s] symbolically linking /home/triha/prompt_to_drawing/build/wall_description/launch/view_wall.launch.py -> /home/triha/prompt_to_drawing/install/wall_description/share/wall_description/launch
[2.213s] creating /home/triha/prompt_to_drawing/install/wall_description/share/wall_description/rviz
[2.213s] symbolically linking /home/triha/prompt_to_drawing/build/wall_description/rviz/wall.rviz -> /home/triha/prompt_to_drawing/install/wall_description/share/wall_description/rviz
[2.214s] creating /home/triha/prompt_to_drawing/install/wall_description/share/wall_description/urdf
[2.214s] symbolically linking /home/triha/prompt_to_drawing/build/wall_description/urdf/wall.urdf.xacro -> /home/triha/prompt_to_drawing/install/wall_description/share/wall_description/urdf
[2.214s] symbolically linking /home/triha/prompt_to_drawing/build/wall_description/urdf/inertials.xacro -> /home/triha/prompt_to_drawing/install/wall_description/share/wall_description/urdf
[2.214s] symbolically linking /home/triha/prompt_to_drawing/build/wall_description/urdf/materials.xacro -> /home/triha/prompt_to_drawing/install/wall_description/share/wall_description/urdf
[2.214s] symbolically linking /home/triha/prompt_to_drawing/build/wall_description/urdf/wall_macro.xacro -> /home/triha/prompt_to_drawing/install/wall_description/share/wall_description/urdf
[2.258s] Invoked command in '/home/triha/prompt_to_drawing/build/wall_description' returned '0': PYTHONPATH=/home/triha/prompt_to_drawing/build/wall_description/prefix_override:/usr/lib/python3/dist-packages/colcon_core/task/python/colcon_distutils_commands:/home/triha/prompt_to_drawing/install/wall_description/lib/python3.10/site-packages:${PYTHONPATH} /usr/bin/python3 -W ignore:setup.py install is deprecated -W ignore:easy_install command is deprecated setup.py develop --editable --build-directory /home/triha/prompt_to_drawing/build/wall_description/build --no-deps symlink_data
