-- The CXX compiler identification is GNU 11.4.0
-- Detecting CXX compiler ABI info
-- Detecting CXX compiler ABI info - done
-- Check for working CXX compiler: /usr/bin/c++ - skipped
-- Detecting CXX compile features
-- Detecting CXX compile features - done
-- Found ament_cmake: 1.3.12 (/opt/ros/humble/share/ament_cmake/cmake)
-- Found Python3: /usr/bin/python3 (found version "3.10.12") found components: Interpreter 
-- Override CMake install command with custom implementation using symlinks instead of copying resources
-- Found controller_interface: 2.53.0 (/opt/ros/humble/share/controller_interface/cmake)
-- Found rosidl_generator_c: 3.1.8 (/opt/ros/humble/share/rosidl_generator_c/cmake)
-- Found rosidl_adapter: 3.1.8 (/opt/ros/humble/share/rosidl_adapter/cmake)
-- Found rosidl_generator_cpp: 3.1.8 (/opt/ros/humble/share/rosidl_generator_cpp/cmake)
-- Using all available rosidl_typesupport_c: rosidl_typesupport_fastrtps_c;rosidl_typesupport_introspection_c
-- Using all available rosidl_typesupport_cpp: rosidl_typesupport_fastrtps_cpp;rosidl_typesupport_introspection_cpp
-- Found rmw_implementation_cmake: 6.1.2 (/opt/ros/humble/share/rmw_implementation_cmake/cmake)
-- Found rmw_fastrtps_cpp: 6.2.9 (/opt/ros/humble/share/rmw_fastrtps_cpp/cmake)
-- Found TinyXML2 via Config file: TinyXML2_DIR-NOTFOUND
-- Found OpenSSL: /usr/lib/x86_64-linux-gnu/libcrypto.so (found version "3.0.2")  
-- Found TinyXML2 via Config file: TinyXML2_DIR-NOTFOUND
-- Found FastRTPS: /opt/ros/humble/include  
-- Found TinyXML2 via Config file: TinyXML2_DIR-NOTFOUND
-- Found TinyXML2 via Config file: TinyXML2_DIR-NOTFOUND
-- Using RMW implementation 'rmw_fastrtps_cpp' as default
-- Looking for C++ include pthread.h
-- Looking for C++ include pthread.h - found
-- Performing Test CMAKE_HAVE_LIBC_PTHREAD
-- Performing Test CMAKE_HAVE_LIBC_PTHREAD - Success
-- Found Threads: TRUE  
-- Found realtime_tools: 2.15.0 (/opt/ros/humble/share/realtime_tools/cmake)
-- Found ur_msgs: 2.3.0 (/opt/ros/humble/share/ur_msgs/cmake)
-- Found generate_parameter_library: 0.6.0 (/opt/ros/humble/share/generate_parameter_library/cmake)
-- Found parameter_traits: 0.6.0 (/opt/ros/humble/share/parameter_traits/cmake)
-- Configuring done
-- Generating done
-- Build files have been written to: /home/triha/csv_controller/build/csv_controller
[ 25%] [34m[1mRunning `/opt/ros/humble/bin/generate_parameter_library_cpp /home/triha/csv_controller/build/csv_controller/include/csv_controller/csv_controller_parameters.hpp /home/triha/csv_controller/src/csv_controller_parameters.yaml `[0m
[ 50%] [34m[1mCreating deprecated header file /home/triha/csv_controller/build/csv_controller/include/csv_controller_parameters.hpp[0m
[ 50%] Built target csv_controller_parameters
[ 75%] [32mBuilding CXX object CMakeFiles/csv_controller.dir/src/csv_controller.cpp.o[0m
[01m[K/home/triha/csv_controller/src/csv_controller.cpp:[m[K In member function ‘[01m[Kvirtual controller_interface::return_type csv_controller::CSVController::update(const rclcpp::Time&, const rclcpp::Duration&)[m[K’:
[01m[K/home/triha/csv_controller/src/csv_controller.cpp:159:50:[m[K [01;31m[Kerror: [m[Kcould not convert ‘[01m[K(&((csv_controller::CSVController*)this)->csv_controller::CSVController::<anonymous>.controller_interface::ControllerInterface::<anonymous>.controller_interface::ControllerInterfaceBase::command_interfaces_.std::vector<hardware_interface::LoanedCommandInterface>::operator[](0))->hardware_interface::LoanedCommandInterface::set_value(((csv_controller::CSVController*)this)->csv_controller::CSVController::csvData.std::vector<csv_controller::CSVLine>::operator[](((csv_controller::CSVController*)this)->csv_controller::CSVController::index).csv_controller::CSVLine::shoulderPan)[m[K’ from ‘[01m[Kvoid[m[K’ to ‘[01m[Kbool[m[K’
  159 |             if (![01;31m[Kcommand_interfaces_[0].set_value(csvData[index].shoulderPan)[m[K ||
      |                  [01;31m[K~~~~~~~~~~~~~~~~~~~~~~~~~~~~~~~~^~~~~~~~~~~~~~~~~~~~~~~~~~~~[m[K
      |                                                  [01;31m[K|[m[K
      |                                                  [01;31m[Kvoid[m[K
[01m[K/home/triha/csv_controller/src/csv_controller.cpp:159:50:[m[K [01;31m[Kerror: [m[Kin argument to unary !
[01m[K/home/triha/csv_controller/src/csv_controller.cpp:160:50:[m[K [01;31m[Kerror: [m[Kcould not convert ‘[01m[K(&((csv_controller::CSVController*)this)->csv_controller::CSVController::<anonymous>.controller_interface::ControllerInterface::<anonymous>.controller_interface::ControllerInterfaceBase::command_interfaces_.std::vector<hardware_interface::LoanedCommandInterface>::operator[](1))->hardware_interface::LoanedCommandInterface::set_value(((csv_controller::CSVController*)this)->csv_controller::CSVController::csvData.std::vector<csv_controller::CSVLine>::operator[](((csv_controller::CSVController*)this)->csv_controller::CSVController::index).csv_controller::CSVLine::shoulderLift)[m[K’ from ‘[01m[Kvoid[m[K’ to ‘[01m[Kbool[m[K’
  160 |                 ![01;31m[Kcommand_interfaces_[1].set_value(csvData[index].shoulderLift)[m[K ||
      |                  [01;31m[K~~~~~~~~~~~~~~~~~~~~~~~~~~~~~~~~^~~~~~~~~~~~~~~~~~~~~~~~~~~~~[m[K
      |                                                  [01;31m[K|[m[K
      |                                                  [01;31m[Kvoid[m[K
[01m[K/home/triha/csv_controller/src/csv_controller.cpp:160:50:[m[K [01;31m[Kerror: [m[Kin argument to unary !
[01m[K/home/triha/csv_controller/src/csv_controller.cpp:161:50:[m[K [01;31m[Kerror: [m[Kcould not convert ‘[01m[K(&((csv_controller::CSVController*)this)->csv_controller::CSVController::<anonymous>.controller_interface::ControllerInterface::<anonymous>.controller_interface::ControllerInterfaceBase::command_interfaces_.std::vector<hardware_interface::LoanedCommandInterface>::operator[](2))->hardware_interface::LoanedCommandInterface::set_value(((csv_controller::CSVController*)this)->csv_controller::CSVController::csvData.std::vector<csv_controller::CSVLine>::operator[](((csv_controller::CSVController*)this)->csv_controller::CSVController::index).csv_controller::CSVLine::elbow)[m[K’ from ‘[01m[Kvoid[m[K’ to ‘[01m[Kbool[m[K’
  161 |                 ![01;31m[Kcommand_interfaces_[2].set_value(csvData[index].elbow)[m[K ||
      |                  [01;31m[K~~~~~~~~~~~~~~~~~~~~~~~~~~~~~~~~^~~~~~~~~~~~~~~~~~~~~~[m[K
      |                                                  [01;31m[K|[m[K
      |                                                  [01;31m[Kvoid[m[K
[01m[K/home/triha/csv_controller/src/csv_controller.cpp:161:50:[m[K [01;31m[Kerror: [m[Kin argument to unary !
[01m[K/home/triha/csv_controller/src/csv_controller.cpp:162:50:[m[K [01;31m[Kerror: [m[Kcould not convert ‘[01m[K(&((csv_controller::CSVController*)this)->csv_controller::CSVController::<anonymous>.controller_interface::ControllerInterface::<anonymous>.controller_interface::ControllerInterfaceBase::command_interfaces_.std::vector<hardware_interface::LoanedCommandInterface>::operator[](3))->hardware_interface::LoanedCommandInterface::set_value(((csv_controller::CSVController*)this)->csv_controller::CSVController::csvData.std::vector<csv_controller::CSVLine>::operator[](((csv_controller::CSVController*)this)->csv_controller::CSVController::index).csv_controller::CSVLine::wrist1)[m[K’ from ‘[01m[Kvoid[m[K’ to ‘[01m[Kbool[m[K’
  162 |                 ![01;31m[Kcommand_interfaces_[3].set_value(csvData[index].wrist1)[m[K ||
      |                  [01;31m[K~~~~~~~~~~~~~~~~~~~~~~~~~~~~~~~~^~~~~~~~~~~~~~~~~~~~~~~[m[K
      |                                                  [01;31m[K|[m[K
      |                                                  [01;31m[Kvoid[m[K
[01m[K/home/triha/csv_controller/src/csv_controller.cpp:162:50:[m[K [01;31m[Kerror: [m[Kin argument to unary !
[01m[K/home/triha/csv_controller/src/csv_controller.cpp:163:50:[m[K [01;31m[Kerror: [m[Kcould not convert ‘[01m[K(&((csv_controller::CSVController*)this)->csv_controller::CSVController::<anonymous>.controller_interface::ControllerInterface::<anonymous>.controller_interface::ControllerInterfaceBase::command_interfaces_.std::vector<hardware_interface::LoanedCommandInterface>::operator[](4))->hardware_interface::LoanedCommandInterface::set_value(((csv_controller::CSVController*)this)->csv_controller::CSVController::csvData.std::vector<csv_controller::CSVLine>::operator[](((csv_controller::CSVController*)this)->csv_controller::CSVController::index).csv_controller::CSVLine::wrist2)[m[K’ from ‘[01m[Kvoid[m[K’ to ‘[01m[Kbool[m[K’
  163 |                 ![01;31m[Kcommand_interfaces_[4].set_value(csvData[index].wrist2)[m[K ||
      |                  [01;31m[K~~~~~~~~~~~~~~~~~~~~~~~~~~~~~~~~^~~~~~~~~~~~~~~~~~~~~~~[m[K
      |                                                  [01;31m[K|[m[K
      |                                                  [01;31m[Kvoid[m[K
[01m[K/home/triha/csv_controller/src/csv_controller.cpp:163:50:[m[K [01;31m[Kerror: [m[Kin argument to unary !
[01m[K/home/triha/csv_controller/src/csv_controller.cpp:164:50:[m[K [01;31m[Kerror: [m[Kcould not convert ‘[01m[K(&((csv_controller::CSVController*)this)->csv_controller::CSVController::<anonymous>.controller_interface::ControllerInterface::<anonymous>.controller_interface::ControllerInterfaceBase::command_interfaces_.std::vector<hardware_interface::LoanedCommandInterface>::operator[](5))->hardware_interface::LoanedCommandInterface::set_value(((csv_controller::CSVController*)this)->csv_controller::CSVController::csvData.std::vector<csv_controller::CSVLine>::operator[](((csv_controller::CSVController*)this)->csv_controller::CSVController::index).csv_controller::CSVLine::wrist3)[m[K’ from ‘[01m[Kvoid[m[K’ to ‘[01m[Kbool[m[K’
  164 |                 ![01;31m[Kcommand_interfaces_[5].set_value(csvData[index].wrist3)[m[K)
      |                  [01;31m[K~~~~~~~~~~~~~~~~~~~~~~~~~~~~~~~~^~~~~~~~~~~~~~~~~~~~~~~[m[K
      |                                                  [01;31m[K|[m[K
      |                                                  [01;31m[Kvoid[m[K
[01m[K/home/triha/csv_controller/src/csv_controller.cpp:164:50:[m[K [01;31m[Kerror: [m[Kin argument to unary !
[01m[K/home/triha/csv_controller/src/csv_controller.cpp:[m[K In member function ‘[01m[Kdouble csv_controller::CSVController::distanceToCSVPosition(size_t)[m[K’:
[01m[K/home/triha/csv_controller/src/csv_controller.cpp:300:42:[m[K [01;31m[Kerror: [m[K‘[01m[K__gnu_cxx::__alloc_traits<std::allocator<hardware_interface::LoanedStateInterface>, hardware_interface::LoanedStateInterface>::value_type[m[K’ {aka ‘[01m[Kclass hardware_interface::LoanedStateInterface[m[K’} has no member named ‘[01m[Kget_optional[m[K’
  300 |         auto pos0 = state_interfaces_[0].[01;31m[Kget_optional[m[K();
      |                                          [01;31m[K^~~~~~~~~~~~[m[K
[01m[K/home/triha/csv_controller/src/csv_controller.cpp:301:42:[m[K [01;31m[Kerror: [m[K‘[01m[K__gnu_cxx::__alloc_traits<std::allocator<hardware_interface::LoanedStateInterface>, hardware_interface::LoanedStateInterface>::value_type[m[K’ {aka ‘[01m[Kclass hardware_interface::LoanedStateInterface[m[K’} has no member named ‘[01m[Kget_optional[m[K’
  301 |         auto pos1 = state_interfaces_[1].[01;31m[Kget_optional[m[K();
      |                                          [01;31m[K^~~~~~~~~~~~[m[K
[01m[K/home/triha/csv_controller/src/csv_controller.cpp:302:42:[m[K [01;31m[Kerror: [m[K‘[01m[K__gnu_cxx::__alloc_traits<std::allocator<hardware_interface::LoanedStateInterface>, hardware_interface::LoanedStateInterface>::value_type[m[K’ {aka ‘[01m[Kclass hardware_interface::LoanedStateInterface[m[K’} has no member named ‘[01m[Kget_optional[m[K’
  302 |         auto pos2 = state_interfaces_[2].[01;31m[Kget_optional[m[K();
      |                                          [01;31m[K^~~~~~~~~~~~[m[K
[01m[K/home/triha/csv_controller/src/csv_controller.cpp:303:42:[m[K [01;31m[Kerror: [m[K‘[01m[K__gnu_cxx::__alloc_traits<std::allocator<hardware_interface::LoanedStateInterface>, hardware_interface::LoanedStateInterface>::value_type[m[K’ {aka ‘[01m[Kclass hardware_interface::LoanedStateInterface[m[K’} has no member named ‘[01m[Kget_optional[m[K’
  303 |         auto pos3 = state_interfaces_[3].[01;31m[Kget_optional[m[K();
      |                                          [01;31m[K^~~~~~~~~~~~[m[K
[01m[K/home/triha/csv_controller/src/csv_controller.cpp:304:42:[m[K [01;31m[Kerror: [m[K‘[01m[K__gnu_cxx::__alloc_traits<std::allocator<hardware_interface::LoanedStateInterface>, hardware_interface::LoanedStateInterface>::value_type[m[K’ {aka ‘[01m[Kclass hardware_interface::LoanedStateInterface[m[K’} has no member named ‘[01m[Kget_optional[m[K’
  304 |         auto pos4 = state_interfaces_[4].[01;31m[Kget_optional[m[K();
      |                                          [01;31m[K^~~~~~~~~~~~[m[K
[01m[K/home/triha/csv_controller/src/csv_controller.cpp:305:42:[m[K [01;31m[Kerror: [m[K‘[01m[K__gnu_cxx::__alloc_traits<std::allocator<hardware_interface::LoanedStateInterface>, hardware_interface::LoanedStateInterface>::value_type[m[K’ {aka ‘[01m[Kclass hardware_interface::LoanedStateInterface[m[K’} has no member named ‘[01m[Kget_optional[m[K’
  305 |         auto pos5 = state_interfaces_[5].[01;31m[Kget_optional[m[K();
      |                                          [01;31m[K^~~~~~~~~~~~[m[K
gmake[2]: *** [CMakeFiles/csv_controller.dir/build.make:76: CMakeFiles/csv_controller.dir/src/csv_controller.cpp.o] Error 1
gmake[1]: *** [CMakeFiles/Makefile2:165: CMakeFiles/csv_controller.dir/all] Error 2
gmake: *** [Makefile:146: all] Error 2
