[0.014s] Invoking command in '/home/triha/csv_controller/build/csv_controller': CMAKE_PREFIX_PATH=${CMAKE_PREFIX_PATH}:/home/triha/ws_moveit2/install/moveit_configs_utils:/home/triha/ws_moveit2/install/launch_param_builder:/opt/ros/humble /usr/bin/cmake /home/triha/csv_controller -DAMENT_CMAKE_SYMLINK_INSTALL=1 -DCMAKE_INSTALL_PREFIX=/home/triha/csv_controller/install/csv_controller
[0.231s] -- The CXX compiler identification is GNU 11.4.0
[0.243s] -- Detecting CXX compiler ABI info
[0.333s] -- Detecting CXX compiler ABI info - done
[0.340s] -- Check for working CXX compiler: /usr/bin/c++ - skipped
[0.341s] -- Detecting CXX compile features
[0.342s] -- Detecting CXX compile features - done
[0.356s] -- Found ament_cmake: 1.3.12 (/opt/ros/humble/share/ament_cmake/cmake)
[0.542s] -- Found Python3: /usr/bin/python3 (found version "3.10.12") found components: Interpreter 
[0.620s] -- Override CMake install command with custom implementation using symlinks instead of copying resources
[0.723s] -- Found controller_interface: 2.53.0 (/opt/ros/humble/share/controller_interface/cmake)
[0.827s] -- Found rosidl_generator_c: 3.1.8 (/opt/ros/humble/share/rosidl_generator_c/cmake)
[0.842s] -- Found rosidl_adapter: 3.1.8 (/opt/ros/humble/share/rosidl_adapter/cmake)
[0.871s] -- Found rosidl_generator_cpp: 3.1.8 (/opt/ros/humble/share/rosidl_generator_cpp/cmake)
[0.902s] -- Using all available rosidl_typesupport_c: rosidl_typesupport_fastrtps_c;rosidl_typesupport_introspection_c
[0.939s] -- Using all available rosidl_typesupport_cpp: rosidl_typesupport_fastrtps_cpp;rosidl_typesupport_introspection_cpp
[1.326s] -- Found rmw_implementation_cmake: 6.1.2 (/opt/ros/humble/share/rmw_implementation_cmake/cmake)
[1.337s] -- Found rmw_fastrtps_cpp: 6.2.9 (/opt/ros/humble/share/rmw_fastrtps_cpp/cmake)
[1.390s] -- Found TinyXML2 via Config file: TinyXML2_DIR-NOTFOUND
[1.450s] -- Found OpenSSL: /usr/lib/x86_64-linux-gnu/libcrypto.so (found version "3.0.2")  
[1.454s] -- Found TinyXML2 via Config file: TinyXML2_DIR-NOTFOUND
[1.468s] -- Found FastRTPS: /opt/ros/humble/include  
[1.471s] -- Found TinyXML2 via Config file: TinyXML2_DIR-NOTFOUND
[1.479s] -- Found TinyXML2 via Config file: TinyXML2_DIR-NOTFOUND
[1.490s] -- Using RMW implementation 'rmw_fastrtps_cpp' as default
[1.519s] -- Looking for C++ include pthread.h
[1.645s] -- Looking for C++ include pthread.h - found
[1.645s] -- Performing Test CMAKE_HAVE_LIBC_PTHREAD
[1.745s] -- Performing Test CMAKE_HAVE_LIBC_PTHREAD - Success
[1.746s] -- Found Threads: TRUE  
[1.828s] -- Found realtime_tools: 2.15.0 (/opt/ros/humble/share/realtime_tools/cmake)
[1.868s] -- Found ur_msgs: 2.3.0 (/opt/ros/humble/share/ur_msgs/cmake)
[1.903s] -- Found generate_parameter_library: 0.6.0 (/opt/ros/humble/share/generate_parameter_library/cmake)
[1.909s] -- Found parameter_traits: 0.6.0 (/opt/ros/humble/share/parameter_traits/cmake)
[2.038s] -- Configuring done
[2.050s] -- Generating done
[2.054s] -- Build files have been written to: /home/triha/csv_controller/build/csv_controller
[2.062s] Invoked command in '/home/triha/csv_controller/build/csv_controller' returned '0': CMAKE_PREFIX_PATH=${CMAKE_PREFIX_PATH}:/home/triha/ws_moveit2/install/moveit_configs_utils:/home/triha/ws_moveit2/install/launch_param_builder:/opt/ros/humble /usr/bin/cmake /home/triha/csv_controller -DAMENT_CMAKE_SYMLINK_INSTALL=1 -DCMAKE_INSTALL_PREFIX=/home/triha/csv_controller/install/csv_controller
[2.064s] Invoking command in '/home/triha/csv_controller/build/csv_controller': CMAKE_PREFIX_PATH=${CMAKE_PREFIX_PATH}:/home/triha/ws_moveit2/install/moveit_configs_utils:/home/triha/ws_moveit2/install/launch_param_builder:/opt/ros/humble /usr/bin/cmake --build /home/triha/csv_controller/build/csv_controller -- -j12 -l12
[2.117s] [ 25%] [34m[1mRunning `/opt/ros/humble/bin/generate_parameter_library_cpp /home/triha/csv_controller/build/csv_controller/include/csv_controller/csv_controller_parameters.hpp /home/triha/csv_controller/src/csv_controller_parameters.yaml `[0m
[2.256s] [ 50%] [34m[1mCreating deprecated header file /home/triha/csv_controller/build/csv_controller/include/csv_controller_parameters.hpp[0m
[2.275s] [ 50%] Built target csv_controller_parameters
[2.297s] [ 75%] [32mBuilding CXX object CMakeFiles/csv_controller.dir/src/csv_controller.cpp.o[0m
[5.278s] [01m[K/home/triha/csv_controller/src/csv_controller.cpp:[m[K In member function ‘[01m[Kvirtual controller_interface::return_type csv_controller::CSVController::update(const rclcpp::Time&, const rclcpp::Duration&)[m[K’:
[5.278s] [01m[K/home/triha/csv_controller/src/csv_controller.cpp:159:50:[m[K [01;31m[Kerror: [m[Kcould not convert ‘[01m[K(&((csv_controller::CSVController*)this)->csv_controller::CSVController::<anonymous>.controller_interface::ControllerInterface::<anonymous>.controller_interface::ControllerInterfaceBase::command_interfaces_.std::vector<hardware_interface::LoanedCommandInterface>::operator[](0))->hardware_interface::LoanedCommandInterface::set_value(((csv_controller::CSVController*)this)->csv_controller::CSVController::csvData.std::vector<csv_controller::CSVLine>::operator[](((csv_controller::CSVController*)this)->csv_controller::CSVController::index).csv_controller::CSVLine::shoulderPan)[m[K’ from ‘[01m[Kvoid[m[K’ to ‘[01m[Kbool[m[K’
[5.279s]   159 |             if (![01;31m[Kcommand_interfaces_[0].set_value(csvData[index].shoulderPan)[m[K ||
[5.279s]       |                  [01;31m[K~~~~~~~~~~~~~~~~~~~~~~~~~~~~~~~~^~~~~~~~~~~~~~~~~~~~~~~~~~~~[m[K
[5.279s]       |                                                  [01;31m[K|[m[K
[5.279s]       |                                                  [01;31m[Kvoid[m[K
[5.279s] [01m[K/home/triha/csv_controller/src/csv_controller.cpp:159:50:[m[K [01;31m[Kerror: [m[Kin argument to unary !
[5.280s] [01m[K/home/triha/csv_controller/src/csv_controller.cpp:160:50:[m[K [01;31m[Kerror: [m[Kcould not convert ‘[01m[K(&((csv_controller::CSVController*)this)->csv_controller::CSVController::<anonymous>.controller_interface::ControllerInterface::<anonymous>.controller_interface::ControllerInterfaceBase::command_interfaces_.std::vector<hardware_interface::LoanedCommandInterface>::operator[](1))->hardware_interface::LoanedCommandInterface::set_value(((csv_controller::CSVController*)this)->csv_controller::CSVController::csvData.std::vector<csv_controller::CSVLine>::operator[](((csv_controller::CSVController*)this)->csv_controller::CSVController::index).csv_controller::CSVLine::shoulderLift)[m[K’ from ‘[01m[Kvoid[m[K’ to ‘[01m[Kbool[m[K’
[5.280s]   160 |                 ![01;31m[Kcommand_interfaces_[1].set_value(csvData[index].shoulderLift)[m[K ||
[5.280s]       |                  [01;31m[K~~~~~~~~~~~~~~~~~~~~~~~~~~~~~~~~^~~~~~~~~~~~~~~~~~~~~~~~~~~~~[m[K
[5.280s]       |                                                  [01;31m[K|[m[K
[5.280s]       |                                                  [01;31m[Kvoid[m[K
[5.280s] [01m[K/home/triha/csv_controller/src/csv_controller.cpp:160:50:[m[K [01;31m[Kerror: [m[Kin argument to unary !
[5.281s] [01m[K/home/triha/csv_controller/src/csv_controller.cpp:161:50:[m[K [01;31m[Kerror: [m[Kcould not convert ‘[01m[K(&((csv_controller::CSVController*)this)->csv_controller::CSVController::<anonymous>.controller_interface::ControllerInterface::<anonymous>.controller_interface::ControllerInterfaceBase::command_interfaces_.std::vector<hardware_interface::LoanedCommandInterface>::operator[](2))->hardware_interface::LoanedCommandInterface::set_value(((csv_controller::CSVController*)this)->csv_controller::CSVController::csvData.std::vector<csv_controller::CSVLine>::operator[](((csv_controller::CSVController*)this)->csv_controller::CSVController::index).csv_controller::CSVLine::elbow)[m[K’ from ‘[01m[Kvoid[m[K’ to ‘[01m[Kbool[m[K’
[5.281s]   161 |                 ![01;31m[Kcommand_interfaces_[2].set_value(csvData[index].elbow)[m[K ||
[5.281s]       |                  [01;31m[K~~~~~~~~~~~~~~~~~~~~~~~~~~~~~~~~^~~~~~~~~~~~~~~~~~~~~~[m[K
[5.281s]       |                                                  [01;31m[K|[m[K
[5.281s]       |                                                  [01;31m[Kvoid[m[K
[5.281s] [01m[K/home/triha/csv_controller/src/csv_controller.cpp:161:50:[m[K [01;31m[Kerror: [m[Kin argument to unary !
[5.282s] [01m[K/home/triha/csv_controller/src/csv_controller.cpp:162:50:[m[K [01;31m[Kerror: [m[Kcould not convert ‘[01m[K(&((csv_controller::CSVController*)this)->csv_controller::CSVController::<anonymous>.controller_interface::ControllerInterface::<anonymous>.controller_interface::ControllerInterfaceBase::command_interfaces_.std::vector<hardware_interface::LoanedCommandInterface>::operator[](3))->hardware_interface::LoanedCommandInterface::set_value(((csv_controller::CSVController*)this)->csv_controller::CSVController::csvData.std::vector<csv_controller::CSVLine>::operator[](((csv_controller::CSVController*)this)->csv_controller::CSVController::index).csv_controller::CSVLine::wrist1)[m[K’ from ‘[01m[Kvoid[m[K’ to ‘[01m[Kbool[m[K’
[5.282s]   162 |                 ![01;31m[Kcommand_interfaces_[3].set_value(csvData[index].wrist1)[m[K ||
[5.282s]       |                  [01;31m[K~~~~~~~~~~~~~~~~~~~~~~~~~~~~~~~~^~~~~~~~~~~~~~~~~~~~~~~[m[K
[5.282s]       |                                                  [01;31m[K|[m[K
[5.282s]       |                                                  [01;31m[Kvoid[m[K
[5.282s] [01m[K/home/triha/csv_controller/src/csv_controller.cpp:162:50:[m[K [01;31m[Kerror: [m[Kin argument to unary !
[5.282s] [01m[K/home/triha/csv_controller/src/csv_controller.cpp:163:50:[m[K [01;31m[Kerror: [m[Kcould not convert ‘[01m[K(&((csv_controller::CSVController*)this)->csv_controller::CSVController::<anonymous>.controller_interface::ControllerInterface::<anonymous>.controller_interface::ControllerInterfaceBase::command_interfaces_.std::vector<hardware_interface::LoanedCommandInterface>::operator[](4))->hardware_interface::LoanedCommandInterface::set_value(((csv_controller::CSVController*)this)->csv_controller::CSVController::csvData.std::vector<csv_controller::CSVLine>::operator[](((csv_controller::CSVController*)this)->csv_controller::CSVController::index).csv_controller::CSVLine::wrist2)[m[K’ from ‘[01m[Kvoid[m[K’ to ‘[01m[Kbool[m[K’
[5.282s]   163 |                 ![01;31m[Kcommand_interfaces_[4].set_value(csvData[index].wrist2)[m[K ||
[5.282s]       |                  [01;31m[K~~~~~~~~~~~~~~~~~~~~~~~~~~~~~~~~^~~~~~~~~~~~~~~~~~~~~~~[m[K
[5.283s]       |                                                  [01;31m[K|[m[K
[5.283s]       |                                                  [01;31m[Kvoid[m[K
[5.283s] [01m[K/home/triha/csv_controller/src/csv_controller.cpp:163:50:[m[K [01;31m[Kerror: [m[Kin argument to unary !
[5.283s] [01m[K/home/triha/csv_controller/src/csv_controller.cpp:164:50:[m[K [01;31m[Kerror: [m[Kcould not convert ‘[01m[K(&((csv_controller::CSVController*)this)->csv_controller::CSVController::<anonymous>.controller_interface::ControllerInterface::<anonymous>.controller_interface::ControllerInterfaceBase::command_interfaces_.std::vector<hardware_interface::LoanedCommandInterface>::operator[](5))->hardware_interface::LoanedCommandInterface::set_value(((csv_controller::CSVController*)this)->csv_controller::CSVController::csvData.std::vector<csv_controller::CSVLine>::operator[](((csv_controller::CSVController*)this)->csv_controller::CSVController::index).csv_controller::CSVLine::wrist3)[m[K’ from ‘[01m[Kvoid[m[K’ to ‘[01m[Kbool[m[K’
[5.283s]   164 |                 ![01;31m[Kcommand_interfaces_[5].set_value(csvData[index].wrist3)[m[K)
[5.283s]       |                  [01;31m[K~~~~~~~~~~~~~~~~~~~~~~~~~~~~~~~~^~~~~~~~~~~~~~~~~~~~~~~[m[K
[5.283s]       |                                                  [01;31m[K|[m[K
[5.283s]       |                                                  [01;31m[Kvoid[m[K
[5.283s] [01m[K/home/triha/csv_controller/src/csv_controller.cpp:164:50:[m[K [01;31m[Kerror: [m[Kin argument to unary !
[5.300s] [01m[K/home/triha/csv_controller/src/csv_controller.cpp:[m[K In member function ‘[01m[Kdouble csv_controller::CSVController::distanceToCSVPosition(size_t)[m[K’:
[5.300s] [01m[K/home/triha/csv_controller/src/csv_controller.cpp:300:42:[m[K [01;31m[Kerror: [m[K‘[01m[K__gnu_cxx::__alloc_traits<std::allocator<hardware_interface::LoanedStateInterface>, hardware_interface::LoanedStateInterface>::value_type[m[K’ {aka ‘[01m[Kclass hardware_interface::LoanedStateInterface[m[K’} has no member named ‘[01m[Kget_optional[m[K’
[5.300s]   300 |         auto pos0 = state_interfaces_[0].[01;31m[Kget_optional[m[K();
[5.300s]       |                                          [01;31m[K^~~~~~~~~~~~[m[K
[5.300s] [01m[K/home/triha/csv_controller/src/csv_controller.cpp:301:42:[m[K [01;31m[Kerror: [m[K‘[01m[K__gnu_cxx::__alloc_traits<std::allocator<hardware_interface::LoanedStateInterface>, hardware_interface::LoanedStateInterface>::value_type[m[K’ {aka ‘[01m[Kclass hardware_interface::LoanedStateInterface[m[K’} has no member named ‘[01m[Kget_optional[m[K’
[5.300s]   301 |         auto pos1 = state_interfaces_[1].[01;31m[Kget_optional[m[K();
[5.300s]       |                                          [01;31m[K^~~~~~~~~~~~[m[K
[5.300s] [01m[K/home/triha/csv_controller/src/csv_controller.cpp:302:42:[m[K [01;31m[Kerror: [m[K‘[01m[K__gnu_cxx::__alloc_traits<std::allocator<hardware_interface::LoanedStateInterface>, hardware_interface::LoanedStateInterface>::value_type[m[K’ {aka ‘[01m[Kclass hardware_interface::LoanedStateInterface[m[K’} has no member named ‘[01m[Kget_optional[m[K’
[5.300s]   302 |         auto pos2 = state_interfaces_[2].[01;31m[Kget_optional[m[K();
[5.300s]       |                                          [01;31m[K^~~~~~~~~~~~[m[K
[5.300s] [01m[K/home/triha/csv_controller/src/csv_controller.cpp:303:42:[m[K [01;31m[Kerror: [m[K‘[01m[K__gnu_cxx::__alloc_traits<std::allocator<hardware_interface::LoanedStateInterface>, hardware_interface::LoanedStateInterface>::value_type[m[K’ {aka ‘[01m[Kclass hardware_interface::LoanedStateInterface[m[K’} has no member named ‘[01m[Kget_optional[m[K’
[5.300s]   303 |         auto pos3 = state_interfaces_[3].[01;31m[Kget_optional[m[K();
[5.300s]       |                                          [01;31m[K^~~~~~~~~~~~[m[K
[5.300s] [01m[K/home/triha/csv_controller/src/csv_controller.cpp:304:42:[m[K [01;31m[Kerror: [m[K‘[01m[K__gnu_cxx::__alloc_traits<std::allocator<hardware_interface::LoanedStateInterface>, hardware_interface::LoanedStateInterface>::value_type[m[K’ {aka ‘[01m[Kclass hardware_interface::LoanedStateInterface[m[K’} has no member named ‘[01m[Kget_optional[m[K’
[5.300s]   304 |         auto pos4 = state_interfaces_[4].[01;31m[Kget_optional[m[K();
[5.300s]       |                                          [01;31m[K^~~~~~~~~~~~[m[K
[5.300s] [01m[K/home/triha/csv_controller/src/csv_controller.cpp:305:42:[m[K [01;31m[Kerror: [m[K‘[01m[K__gnu_cxx::__alloc_traits<std::allocator<hardware_interface::LoanedStateInterface>, hardware_interface::LoanedStateInterface>::value_type[m[K’ {aka ‘[01m[Kclass hardware_interface::LoanedStateInterface[m[K’} has no member named ‘[01m[Kget_optional[m[K’
[5.300s]   305 |         auto pos5 = state_interfaces_[5].[01;31m[Kget_optional[m[K();
[5.300s]       |                                          [01;31m[K^~~~~~~~~~~~[m[K
[6.236s] gmake[2]: *** [CMakeFiles/csv_controller.dir/build.make:76: CMakeFiles/csv_controller.dir/src/csv_controller.cpp.o] Error 1
[6.236s] gmake[1]: *** [CMakeFiles/Makefile2:165: CMakeFiles/csv_controller.dir/all] Error 2
[6.236s] gmake: *** [Makefile:146: all] Error 2
[6.239s] Invoked command in '/home/triha/csv_controller/build/csv_controller' returned '2': CMAKE_PREFIX_PATH=${CMAKE_PREFIX_PATH}:/home/triha/ws_moveit2/install/moveit_configs_utils:/home/triha/ws_moveit2/install/launch_param_builder:/opt/ros/humble /usr/bin/cmake --build /home/triha/csv_controller/build/csv_controller -- -j12 -l12
