[ 50%] Built target csv_controller_parameters
[35m[1mConsolidate compiler generated dependencies of target csv_controller[0m
[ 75%] [32mBuilding CXX object CMakeFiles/csv_controller.dir/src/csv_controller.cpp.o[0m
[100%] [32m[1mLinking CXX shared library libcsv_controller.so[0m
[100%] Built target csv_controller
-- Install configuration: ""
-- Execute custom install script
-- Symlinking: /home/triha/csv_controller/install/csv_controller/include/csv_controller/csv_controller_parameters.hpp
-- Symlinking: /home/triha/csv_controller/install/csv_controller/share/csv_controller//plugin_description.xml
-- Symlinking: /home/triha/csv_controller/install/csv_controller/share/csv_controller//include/csv_controller/csv_controller.hpp
-- Symlinking: /home/triha/csv_controller/install/csv_controller/share/csv_controller//config/ur_controllers.yaml
-- Symlinking: /home/triha/csv_controller/install/csv_controller/share/csv_controller//launch/ur3e_csv.launch.py
-- Symlinking: /home/triha/csv_controller/install/csv_controller/share/csv_controller//csv_files/ldihel.csv
-- Symlinking: /home/triha/csv_controller/install/csv_controller/share/csv_controller//csv_files/ldihel_bonus.csv
-- Symlinking: /home/triha/csv_controller/install/csv_controller/share/csv_controller//csv_files/plane.csv
-- Symlinking: /home/triha/csv_controller/install/csv_controller/share/csv_controller/environment/library_path.sh
-- Symlinking: /home/triha/csv_controller/install/csv_controller/share/csv_controller/environment/library_path.dsv
-- Symlinking: /home/triha/csv_controller/install/csv_controller/share/ament_index/resource_index/package_run_dependencies/csv_controller
-- Symlinking: /home/triha/csv_controller/install/csv_controller/share/ament_index/resource_index/parent_prefix_path/csv_controller
-- Symlinking: /home/triha/csv_controller/install/csv_controller/share/csv_controller/environment/ament_prefix_path.sh
-- Symlinking: /home/triha/csv_controller/install/csv_controller/share/csv_controller/environment/ament_prefix_path.dsv
-- Symlinking: /home/triha/csv_controller/install/csv_controller/share/csv_controller/environment/path.sh
-- Symlinking: /home/triha/csv_controller/install/csv_controller/share/csv_controller/environment/path.dsv
-- Symlinking: /home/triha/csv_controller/install/csv_controller/share/csv_controller/local_setup.bash
-- Symlinking: /home/triha/csv_controller/install/csv_controller/share/csv_controller/local_setup.sh
-- Symlinking: /home/triha/csv_controller/install/csv_controller/share/csv_controller/local_setup.zsh
-- Symlinking: /home/triha/csv_controller/install/csv_controller/share/csv_controller/local_setup.dsv
-- Symlinking: /home/triha/csv_controller/install/csv_controller/share/csv_controller/package.dsv
-- Symlinking: /home/triha/csv_controller/install/csv_controller/share/ament_index/resource_index/packages/csv_controller
-- Symlinking: /home/triha/csv_controller/install/csv_controller/share/ament_index/resource_index/controller_interface__pluginlib__plugin/csv_controller
-- Symlinking: /home/triha/csv_controller/install/csv_controller/share/csv_controller/cmake/ament_cmake_export_dependencies-extras.cmake
-- Symlinking: /home/triha/csv_controller/install/csv_controller/share/csv_controller/cmake/ament_cmake_export_targets-extras.cmake
-- Symlinking: /home/triha/csv_controller/install/csv_controller/share/csv_controller/cmake/csv_controllerConfig.cmake
-- Symlinking: /home/triha/csv_controller/install/csv_controller/share/csv_controller/cmake/csv_controllerConfig-version.cmake
-- Symlinking: /home/triha/csv_controller/install/csv_controller/share/csv_controller/package.xml
-- Installing: /home/triha/csv_controller/install/csv_controller/lib/libcsv_controller.so
-- Set runtime path of "/home/triha/csv_controller/install/csv_controller/lib/libcsv_controller.so" to ""
-- Installing: /home/triha/csv_controller/install/csv_controller/share/csv_controller/cmake/export_csv_controllerExport.cmake
-- Installing: /home/triha/csv_controller/install/csv_controller/share/csv_controller/cmake/export_csv_controllerExport-noconfig.cmake
