running develop
Removing /home/triha/prompt_to_drawing/install/py_joint_pub/lib/python3.10/site-packages/py-joint-pub.egg-link (link to .)
running egg_info
writing ../build/py_joint_pub/py_joint_pub.egg-info/PKG-INFO
writing dependency_links to ../build/py_joint_pub/py_joint_pub.egg-info/dependency_links.txt
writing entry points to ../build/py_joint_pub/py_joint_pub.egg-info/entry_points.txt
writing requirements to ../build/py_joint_pub/py_joint_pub.egg-info/requires.txt
writing top-level names to ../build/py_joint_pub/py_joint_pub.egg-info/top_level.txt
reading manifest file '../build/py_joint_pub/py_joint_pub.egg-info/SOURCES.txt'
writing manifest file '../build/py_joint_pub/py_joint_pub.egg-info/SOURCES.txt'
running build
running build_py
creating /home/triha/prompt_to_drawing/build/py_joint_pub/build
creating /home/triha/prompt_to_drawing/build/py_joint_pub/build/lib
creating /home/triha/prompt_to_drawing/build/py_joint_pub/build/lib/py_joint_pub
copying py_joint_pub/joint_publisher_csv.py -> /home/triha/prompt_to_drawing/build/py_joint_pub/build/lib/py_joint_pub
copying py_joint_pub/__init__.py -> /home/triha/prompt_to_drawing/build/py_joint_pub/build/lib/py_joint_pub
running install
running install_lib
creating /home/triha/prompt_to_drawing/install/py_joint_pub/lib/python3.10/site-packages/py_joint_pub
copying /home/triha/prompt_to_drawing/build/py_joint_pub/build/lib/py_joint_pub/joint_publisher_csv.py -> /home/triha/prompt_to_drawing/install/py_joint_pub/lib/python3.10/site-packages/py_joint_pub
copying /home/triha/prompt_to_drawing/build/py_joint_pub/build/lib/py_joint_pub/__init__.py -> /home/triha/prompt_to_drawing/install/py_joint_pub/lib/python3.10/site-packages/py_joint_pub
byte-compiling /home/triha/prompt_to_drawing/install/py_joint_pub/lib/python3.10/site-packages/py_joint_pub/joint_publisher_csv.py to joint_publisher_csv.cpython-310.pyc
byte-compiling /home/triha/prompt_to_drawing/install/py_joint_pub/lib/python3.10/site-packages/py_joint_pub/__init__.py to __init__.cpython-310.pyc
running install_data
copying resource/py_joint_pub -> /home/triha/prompt_to_drawing/install/py_joint_pub/share/ament_index/resource_index/packages
copying package.xml -> /home/triha/prompt_to_drawing/install/py_joint_pub/share/py_joint_pub
copying resource/ha149.csv -> /home/triha/prompt_to_drawing/install/py_joint_pub/share/py_joint_pub
copying resource/ldihel_bonus.csv -> /home/triha/prompt_to_drawing/install/py_joint_pub/share/py_joint_pub
copying resource/ldihel.csv -> /home/triha/prompt_to_drawing/install/py_joint_pub/share/py_joint_pub
running install_egg_info
Copying ../build/py_joint_pub/py_joint_pub.egg-info to /home/triha/prompt_to_drawing/install/py_joint_pub/lib/python3.10/site-packages/py_joint_pub-0.0.0-py3.10.egg-info
running install_scripts
Installing csv script to /home/triha/prompt_to_drawing/install/py_joint_pub/lib/py_joint_pub
writing list of installed files to '/home/triha/prompt_to_drawing/build/py_joint_pub/install.log'
