[0.998s] Invoking command in '/home/triha/prompt_to_drawing/py_joint_pub': CONDA_PROMPT_MODIFIER=(base) PYTHONPATH=/home/triha/prompt_to_drawing/build/py_joint_pub/prefix_override:/usr/lib/python3/dist-packages/colcon_core/task/python/colcon_distutils_commands:/home/triha/prompt_to_drawing/install/py_joint_pub/lib/python3.10/site-packages:${PYTHONPATH} /usr/bin/python3 -W ignore:setup.py install is deprecated -W ignore:easy_install command is deprecated setup.py egg_info --egg-base ../build/py_joint_pub build --build-base /home/triha/prompt_to_drawing/build/py_joint_pub/build install --record /home/triha/prompt_to_drawing/build/py_joint_pub/install.log --single-version-externally-managed install_data
[1.265s] running egg_info
[1.266s] writing ../build/py_joint_pub/py_joint_pub.egg-info/PKG-INFO
[1.266s] writing dependency_links to ../build/py_joint_pub/py_joint_pub.egg-info/dependency_links.txt
[1.266s] writing entry points to ../build/py_joint_pub/py_joint_pub.egg-info/entry_points.txt
[1.266s] writing requirements to ../build/py_joint_pub/py_joint_pub.egg-info/requires.txt
[1.266s] writing top-level names to ../build/py_joint_pub/py_joint_pub.egg-info/top_level.txt
[1.268s] reading manifest file '../build/py_joint_pub/py_joint_pub.egg-info/SOURCES.txt'
[1.269s] writing manifest file '../build/py_joint_pub/py_joint_pub.egg-info/SOURCES.txt'
[1.269s] running build
[1.269s] running build_py
[1.269s] copying py_joint_pub/joint_publisher_csv.py -> /home/triha/prompt_to_drawing/build/py_joint_pub/build/lib/py_joint_pub
[1.269s] running install
[1.269s] running install_lib
[1.270s] copying /home/triha/prompt_to_drawing/build/py_joint_pub/build/lib/py_joint_pub/joint_publisher_csv.py -> /home/triha/prompt_to_drawing/install/py_joint_pub/lib/python3.10/site-packages/py_joint_pub
[1.270s] byte-compiling /home/triha/prompt_to_drawing/install/py_joint_pub/lib/python3.10/site-packages/py_joint_pub/joint_publisher_csv.py to joint_publisher_csv.cpython-310.pyc
[1.271s] running install_data
[1.271s] running install_egg_info
[1.273s] removing '/home/triha/prompt_to_drawing/install/py_joint_pub/lib/python3.10/site-packages/py_joint_pub-0.0.0-py3.10.egg-info' (and everything under it)
[1.274s] Copying ../build/py_joint_pub/py_joint_pub.egg-info to /home/triha/prompt_to_drawing/install/py_joint_pub/lib/python3.10/site-packages/py_joint_pub-0.0.0-py3.10.egg-info
[1.274s] running install_scripts
[1.292s] Installing csv script to /home/triha/prompt_to_drawing/install/py_joint_pub/lib/py_joint_pub
[1.292s] writing list of installed files to '/home/triha/prompt_to_drawing/build/py_joint_pub/install.log'
[1.311s] Invoked command in '/home/triha/prompt_to_drawing/py_joint_pub' returned '0': CONDA_PROMPT_MODIFIER=(base) PYTHONPATH=/home/triha/prompt_to_drawing/build/py_joint_pub/prefix_override:/usr/lib/python3/dist-packages/colcon_core/task/python/colcon_distutils_commands:/home/triha/prompt_to_drawing/install/py_joint_pub/lib/python3.10/site-packages:${PYTHONPATH} /usr/bin/python3 -W ignore:setup.py install is deprecated -W ignore:easy_install command is deprecated setup.py egg_info --egg-base ../build/py_joint_pub build --build-base /home/triha/prompt_to_drawing/build/py_joint_pub/build install --record /home/triha/prompt_to_drawing/build/py_joint_pub/install.log --single-version-externally-managed install_data
